Error: CCI compilation error -f:\msi\changepassword\\pre_cci.c: vuser_init.c:137: error: undeclared identifier `try'.	[MsgId: MERR-19799]
Error: CCI compilation error -f:\msi\changepassword\\pre_cci.c: vuser_init.c:137: warning: expression with no effect elided.	[MsgId: MERR-19799]
Error: CCI compilation error -f:\msi\changepassword\\pre_cci.c: vuser_init.c:137: error: syntax error; found `{' expecting `;'.	[MsgId: MERR-19799]
Error: CCI compilation error -f:\msi\changepassword\\pre_cci.c: vuser_init.c:149: error: undeclared identifier `catch'.	[MsgId: MERR-19799]
Error: CCI compilation error -f:\msi\changepassword\\pre_cci.c: vuser_init.c:149: warning: expression with no effect elided.	[MsgId: MERR-19799]
Error: CCI compilation error -f:\msi\changepassword\\pre_cci.c: vuser_init.c:149: error: syntax error; found `{' expecting `;'.	[MsgId: MERR-19799]
Error: CCI compilation error -f:\msi\changepassword\\pre_cci.c: vuser_init.c:254: warning: declaration of `generateLastPassword' does not match previous declaration at vuser_init.c:155.	[MsgId: MERR-19799]
Error: CCI compilation error -f:\msi\changepassword\\pre_cci.c: ChangePassword.c:62: warning: declaration of `generatePassword' does not match previous declaration at ChangePassword.c:15.	[MsgId: MERR-19799]
Error: CCI compilation error -f:\msi\changepassword\\pre_cci.c: f:\\msi\\changepassword\\\\combined_ChangePassword.c:7: error: 4 errors, not writing pre_cci.ci.	[MsgId: MERR-19799]
Error: Vuser compilation failed. Please set CCIDebug to Off in CCI section of mdrv.dat file.	[MsgId: MERR-19797]
Warning: Extension cciext.dll reports error -19797 on call to function ExtPerProcessInitialize	[MsgId: MWAR-10485]
Error: Thread Context: Call to service of the driver failed, reason - thread context wasn't initialized on this thread.	[MsgId: MERR-10176]
